[debug] [2022-09-25T22:49:07.330Z] ----------------------------------------------------------------------
[debug] [2022-09-25T22:49:07.332Z] Command:       C:\Program Files\nodejs\node.exe C:\Users\jacki\AppData\Roaming\npm\node_modules\firebase-tools\lib\bin\firebase.js init
[debug] [2022-09-25T22:49:07.332Z] CLI Version:   11.10.0
[debug] [2022-09-25T22:49:07.332Z] Platform:      win32
[debug] [2022-09-25T22:49:07.332Z] Node Version:  v16.17.1
[debug] [2022-09-25T22:49:07.333Z] Time:          Sun Sep 25 2022 18:49:07 GMT-0400 (Eastern Daylight Saving Time)
[debug] [2022-09-25T22:49:07.333Z] ----------------------------------------------------------------------
[debug] 
[debug] [2022-09-25T22:49:07.388Z] > command requires scopes: ["email","openid","https://www.googleapis.com/auth/cloudplatformprojects.readonly","https://www.googleapis.com/auth/firebase","https://www.googleapis.com/auth/cloud-platform"]
[debug] [2022-09-25T22:49:07.389Z] > authorizing via signed-in user (jackie.zhou0528@gmail.com)
[info] 
     ######## #### ########  ######## ########     ###     ######  ########
     ##        ##  ##     ## ##       ##     ##  ##   ##  ##       ##
     ######    ##  ########  ######   ########  #########  ######  ######
     ##        ##  ##    ##  ##       ##     ## ##     ##       ## ##
     ##       #### ##     ## ######## ########  ##     ##  ######  ########

You're about to initialize a Firebase project in this directory:

  C:\Users\jacki\meeting-app\meeting-app

Before we get started, keep in mind:

  * You are initializing within an existing Firebase project directory

[info] 
=== Project Setup
[info] 
[info] First, let's associate this project directory with a Firebase project.
[info] You can create multiple project aliases by running firebase use --add, 
[info] but for now we'll just set up a default project.
[info] 
[debug] [2022-09-25T22:49:12.234Z] Using project from CLI flag: meeting-app-de39c
[debug] [2022-09-25T22:49:12.235Z] > refreshing access token with scopes: []
[debug] [2022-09-25T22:49:12.237Z] >>> [apiv2][query] POST https://www.googleapis.com/oauth2/v3/token [none]
[debug] [2022-09-25T22:49:12.237Z] >>> [apiv2][body] POST https://www.googleapis.com/oauth2/v3/token [omitted]
[debug] [2022-09-25T22:49:12.354Z] <<< [apiv2][status] POST https://www.googleapis.com/oauth2/v3/token 200
[debug] [2022-09-25T22:49:12.354Z] <<< [apiv2][body] POST https://www.googleapis.com/oauth2/v3/token [omitted]
[debug] [2022-09-25T22:49:12.362Z] >>> [apiv2][query] GET https://firebase.googleapis.com/v1beta1/projects/meeting-app-de39c [none]
[debug] [2022-09-25T22:49:12.605Z] <<< [apiv2][status] GET https://firebase.googleapis.com/v1beta1/projects/meeting-app-de39c 200
[debug] [2022-09-25T22:49:12.606Z] <<< [apiv2][body] GET https://firebase.googleapis.com/v1beta1/projects/meeting-app-de39c {"projectId":"meeting-app-de39c","projectNumber":"337515599525","displayName":"Meeting-App","name":"projects/meeting-app-de39c","resources":{"hostingSite":"meeting-app-de39c","realtimeDatabaseInstance":"meeting-app-de39c-default-rtdb","storageBucket":"meeting-app-de39c.appspot.com","locationId":"us-central"},"state":"ACTIVE","etag":"1_9aebed70-073c-4ff3-a430-f4fc79441250"}
[info] i  Using project meeting-app-de39c (Meeting-App) 
[info] 
=== Firestore Setup
[debug] [2022-09-25T22:49:12.617Z] >>> [apiv2][query] GET https://serviceusage.googleapis.com/v1/projects/meeting-app-de39c/services/firestore.googleapis.com [none]
[debug] [2022-09-25T22:49:12.617Z] >>> [apiv2][(partial)header] GET https://serviceusage.googleapis.com/v1/projects/meeting-app-de39c/services/firestore.googleapis.com x-goog-quota-user=projects/meeting-app-de39c
[debug] [2022-09-25T22:49:12.948Z] <<< [apiv2][status] GET https://serviceusage.googleapis.com/v1/projects/meeting-app-de39c/services/firestore.googleapis.com 200
[debug] [2022-09-25T22:49:12.948Z] <<< [apiv2][body] GET https://serviceusage.googleapis.com/v1/projects/meeting-app-de39c/services/firestore.googleapis.com [omitted]
[debug] [2022-09-25T22:49:12.948Z] >>> [apiv2][query] GET https://appengine.googleapis.com/v1/apps/meeting-app-de39c [none]
[debug] [2022-09-25T22:49:13.282Z] <<< [apiv2][status] GET https://appengine.googleapis.com/v1/apps/meeting-app-de39c 200
[debug] [2022-09-25T22:49:13.282Z] <<< [apiv2][body] GET https://appengine.googleapis.com/v1/apps/meeting-app-de39c {"name":"apps/meeting-app-de39c","id":"meeting-app-de39c","authDomain":"gmail.com","locationId":"us-central","codeBucket":"staging.meeting-app-de39c.appspot.com","servingStatus":"SERVING","defaultHostname":"meeting-app-de39c.uc.r.appspot.com","defaultBucket":"meeting-app-de39c.appspot.com","serviceAccount":"meeting-app-de39c@appspot.gserviceaccount.com","gcrDomain":"us.gcr.io","databaseType":"CLOUD_FIRESTORE","featureSettings":{"splitHealthChecks":true,"useContainerOptimizedOs":true}}
[debug] [2022-09-25T22:49:13.282Z] database_type: CLOUD_FIRESTORE
[debug] [2022-09-25T22:49:13.282Z] > command requires scopes: ["email","openid","https://www.googleapis.com/auth/cloudplatformprojects.readonly","https://www.googleapis.com/auth/firebase","https://www.googleapis.com/auth/cloud-platform"]
[debug] [2022-09-25T22:49:13.282Z] > authorizing via signed-in user (jackie.zhou0528@gmail.com)
[debug] [2022-09-25T22:49:13.282Z] [iam] checking project meeting-app-de39c for permissions ["firebase.projects.get"]
[debug] [2022-09-25T22:49:13.283Z] >>> [apiv2][query] POST https://cloudresourcemanager.googleapis.com/v1/projects/meeting-app-de39c:testIamPermissions [none]
[debug] [2022-09-25T22:49:13.283Z] >>> [apiv2][(partial)header] POST https://cloudresourcemanager.googleapis.com/v1/projects/meeting-app-de39c:testIamPermissions x-goog-quota-user=projects/meeting-app-de39c
[debug] [2022-09-25T22:49:13.283Z] >>> [apiv2][body] POST https://cloudresourcemanager.googleapis.com/v1/projects/meeting-app-de39c:testIamPermissions {"permissions":["firebase.projects.get"]}
[debug] [2022-09-25T22:49:13.520Z] <<< [apiv2][status] POST https://cloudresourcemanager.googleapis.com/v1/projects/meeting-app-de39c:testIamPermissions 200
[debug] [2022-09-25T22:49:13.520Z] <<< [apiv2][body] POST https://cloudresourcemanager.googleapis.com/v1/projects/meeting-app-de39c:testIamPermissions {"permissions":["firebase.projects.get"]}
[info] 
[info] Firestore Security Rules allow you to define how and when to allow
[info] requests. You can keep these rules in your project directory
[info] and publish them with firebase deploy.
[info] 
